<?xml version="1.0" encoding="UTF-8"?>
<!-- Generated by org.testng.reporters.JUnitReportReporter -->
<testsuite hostname="spicity328" name="com.spi.test.Driver" tests="1" failures="0" timestamp="14 Apr 2016 13:35:19 GMT" time="6.992" errors="0">
  <testcase name="testMethod" time="6.992" classname="com.spi.test.Driver"/>
</testsuite> <!-- com.spi.test.Driver -->
