<?xml version="1.0" encoding="UTF-8"?>
<!-- Generated by org.testng.reporters.JUnitReportReporter -->
<testsuite hostname="SPICITY1077" name="com.test.Driver" tests="2" failures="0" timestamp="9 Jan 2017 10:15:18 GMT" time="4.637" errors="0">
  <testcase name="testMethod" time="3.559" classname="com.test.Driver"/>
  <testcase name="testMethod" time="1.078" classname="com.test.Driver"/>
</testsuite> <!-- com.test.Driver -->
